/*C2*/SET SCHEMA PUBLIC
DISCONNECT
/*C3*/SET SCHEMA PUBLIC
DELETE FROM REPUESTO WHERE ID=1
INSERT INTO REPUESTO VALUES(1,10,'REP-0523','Pieza 1',25.0E0)
COMMIT
INSERT INTO ORDENTRABAJO VALUES(6,10.0E0,10.0E0,'NUEVOO','PENDIENTE',NULL,'2026-07-17 00:00:00.000000',1,1)
INSERT INTO ORDENTRABAJO_DETALLES VALUES(6,2,NULL,1,NULL)
COMMIT
DELETE FROM ORDENTRABAJO WHERE ID=2
INSERT INTO ORDENTRABAJO VALUES(2,NULL,0.0E0,'NUEVOO','TERMINADA','2026-07-07 00:00:00.000000','2026-07-06 00:00:00.000000',1,1)
COMMIT
DELETE FROM ORDENTRABAJO WHERE ID=6
INSERT INTO ORDENTRABAJO VALUES(6,10.0E0,10.0E0,'NUEVOO','EN_PROCESO',NULL,'2026-07-17 00:00:00.000000',1,1)
DELETE FROM ORDENTRABAJO_DETALLES WHERE ORDENTRABAJO_ID=6 AND CANTIDAD=2 AND PRECIOUNITARIO IS NULL AND REPUESTO_ID=1 AND SUBTOTAL IS NULL
INSERT INTO ORDENTRABAJO_DETALLES VALUES(6,2,NULL,1,NULL)
COMMIT
DELETE FROM ORDENTRABAJO WHERE ID=6
INSERT INTO ORDENTRABAJO VALUES(6,10.0E0,10.0E0,'NUEVOO','TERMINADA','2026-07-06 18:46:34.498000','2026-07-17 00:00:00.000000',1,1)
DELETE FROM ORDENTRABAJO_DETALLES WHERE ORDENTRABAJO_ID=6 AND CANTIDAD=2 AND PRECIOUNITARIO IS NULL AND REPUESTO_ID=1 AND SUBTOTAL IS NULL
INSERT INTO ORDENTRABAJO_DETALLES VALUES(6,2,NULL,1,NULL)
COMMIT
